E:\Programs\Microsoft Visual Studio\2019\Community\MSBuild\Microsoft\VC\v160\Microsoft.CppBuild.targets(473,5): warning MSB8003: The WindowsSDKDir property is not defined. Some build tools may not be found.
  Bird.cpp
E:\Programs\Microsoft Visual Studio\2019\Community\VC\Tools\MSVC\14.27.29110\include\yvals.h(12,10): fatal error C1083: Cannot open include file: 'crtdbg.h': No such file or directory
  ChooseName.cpp
E:\Programs\Microsoft Visual Studio\2019\Community\VC\Tools\MSVC\14.27.29110\include\yvals.h(12,10): fatal error C1083: Cannot open include file: 'crtdbg.h': No such file or directory
  Command.cpp
E:\Programs\Microsoft Visual Studio\2019\Community\VC\Tools\MSVC\14.27.29110\include\yvals.h(12,10): fatal error C1083: Cannot open include file: 'crtdbg.h': No such file or directory
  Endings.cpp
E:\Programs\Microsoft Visual Studio\2019\Community\VC\Tools\MSVC\14.27.29110\include\yvals.h(12,10): fatal error C1083: Cannot open include file: 'crtdbg.h': No such file or directory
  EndText.cpp
E:\Programs\Microsoft Visual Studio\2019\Community\VC\Tools\MSVC\14.27.29110\include\yvals.h(12,10): fatal error C1083: Cannot open include file: 'crtdbg.h': No such file or directory
  FirstEnding.cpp
E:\Programs\Microsoft Visual Studio\2019\Community\VC\Tools\MSVC\14.27.29110\include\yvals.h(12,10): fatal error C1083: Cannot open include file: 'crtdbg.h': No such file or directory
  FlappyBird.cpp
E:\Programs\Microsoft Visual Studio\2019\Community\VC\Tools\MSVC\14.27.29110\include\yvals.h(12,10): fatal error C1083: Cannot open include file: 'crtdbg.h': No such file or directory
  Game.cpp
E:\Programs\Microsoft Visual Studio\2019\Community\VC\Tools\MSVC\14.27.29110\include\yvals.h(12,10): fatal error C1083: Cannot open include file: 'crtdbg.h': No such file or directory
  InTheMap.cpp
E:\Programs\Microsoft Visual Studio\2019\Community\VC\Tools\MSVC\14.27.29110\include\yvals.h(12,10): fatal error C1083: Cannot open include file: 'crtdbg.h': No such file or directory
  Luck.cpp
E:\Programs\Microsoft Visual Studio\2019\Community\VC\Tools\MSVC\14.27.29110\include\yvals.h(12,10): fatal error C1083: Cannot open include file: 'crtdbg.h': No such file or directory
  Macro.cpp
E:\Programs\Microsoft Visual Studio\2019\Community\VC\Tools\MSVC\14.27.29110\include\yvals.h(12,10): fatal error C1083: Cannot open include file: 'crtdbg.h': No such file or directory
  Names.cpp
E:\Programs\Microsoft Visual Studio\2019\Community\VC\Tools\MSVC\14.27.29110\include\yvals.h(12,10): fatal error C1083: Cannot open include file: 'crtdbg.h': No such file or directory
  PlayingAs.cpp
E:\Programs\Microsoft Visual Studio\2019\Community\VC\Tools\MSVC\14.27.29110\include\yvals.h(12,10): fatal error C1083: Cannot open include file: 'crtdbg.h': No such file or directory
  PrintName.cpp
E:\Programs\Microsoft Visual Studio\2019\Community\VC\Tools\MSVC\14.27.29110\include\yvals.h(12,10): fatal error C1083: Cannot open include file: 'crtdbg.h': No such file or directory
  SecondEnding.cpp
E:\Programs\Microsoft Visual Studio\2019\Community\VC\Tools\MSVC\14.27.29110\include\yvals.h(12,10): fatal error C1083: Cannot open include file: 'crtdbg.h': No such file or directory
  StartText.cpp
E:\Programs\Microsoft Visual Studio\2019\Community\VC\Tools\MSVC\14.27.29110\include\yvals.h(12,10): fatal error C1083: Cannot open include file: 'crtdbg.h': No such file or directory
  Welcome.cpp
E:\Programs\Microsoft Visual Studio\2019\Community\VC\Tools\MSVC\14.27.29110\include\yvals.h(12,10): fatal error C1083: Cannot open include file: 'crtdbg.h': No such file or directory
  Generating Code...
